  User.cpp
c:\users\hotbr\desktop\projects\homework\pofp18\pofp18-p1\pofp18-p1\cartdb.cpp(158): warning C4244: '正在初始化': 將 'double' 轉換為 'float'，由於類型不同，可能導致資料遺失
  c:\users\hotbr\desktop\projects\homework\pofp18\pofp18-p1\pofp18-p1\cartdb.cpp(154): note: 編譯 類別 樣板 成員函式 'float CartDB<100,5>::__total(void)' 時
  c:\users\hotbr\desktop\projects\homework\pofp18\pofp18-p1\pofp18-p1\cartdb.cpp(129): note: 請參閱所要編譯的函式 樣板 具現化 'float CartDB<100,5>::__total(void)' 之參考
  c:\users\hotbr\desktop\projects\homework\pofp18\pofp18-p1\pofp18-p1\cartdb.cpp(19): note: 編譯 類別 樣板 成員函式 'CartDB<100,5>::CartDB(std::string *,Type *,std::string,std::string)' 時
  c:\users\hotbr\desktop\projects\homework\pofp18\pofp18-p1\pofp18-p1\user.cpp(47): note: 請參閱所要編譯的函式 樣板 具現化 'CartDB<100,5>::CartDB(std::string *,Type *,std::string,std::string)' 之參考
  c:\users\hotbr\desktop\projects\homework\pofp18\pofp18-p1\pofp18-p1\account.h(32): note: 查看要編譯的 類別 樣板 具現化 'CartDB<100,5>' 參考
  TESTCODE.cpp
c:\users\hotbr\desktop\projects\homework\pofp18\pofp18-p1\pofp18-p1\itemdb.cpp(227): warning C4018: '<': signed/unsigned 不相符
  c:\users\hotbr\desktop\projects\homework\pofp18\pofp18-p1\pofp18-p1\itemdb.cpp(217): note: 編譯 類別 樣板 成員函式 'std::string ItemDB<100,5>::__next_id(std::string)' 時
  c:\users\hotbr\desktop\projects\homework\pofp18\pofp18-p1\pofp18-p1\itemdb.cpp(105): note: 請參閱所要編譯的函式 樣板 具現化 'std::string ItemDB<100,5>::__next_id(std::string)' 之參考
  c:\users\hotbr\desktop\projects\homework\pofp18\pofp18-p1\pofp18-p1\itemdb.cpp(15): note: 編譯 類別 樣板 成員函式 'ItemDB<100,5>::ItemDB(std::string *,Type *,std::string)' 時
  c:\users\hotbr\desktop\projects\homework\pofp18\pofp18-p1\pofp18-p1\testcode.cpp(70): note: 請參閱所要編譯的函式 樣板 具現化 'ItemDB<100,5>::ItemDB(std::string *,Type *,std::string)' 之參考
  c:\users\hotbr\desktop\projects\homework\pofp18\pofp18-p1\pofp18-p1\testcode.cpp(70): note: 查看要編譯的 類別 樣板 具現化 'ItemDB<100,5>' 參考
c:\users\hotbr\desktop\projects\homework\pofp18\pofp18-p1\pofp18-p1\salelistdb.cpp(155): warning C4244: '正在初始化': 將 'double' 轉換為 'float'，由於類型不同，可能導致資料遺失
  c:\users\hotbr\desktop\projects\homework\pofp18\pofp18-p1\pofp18-p1\salelistdb.cpp(150): note: 編譯 類別 樣板 成員函式 'bool SaleListDB<2000,6>::__row_front(std::string *,std::string *)' 時
  c:\users\hotbr\desktop\projects\homework\pofp18\pofp18-p1\pofp18-p1\salelistdb.cpp(109): note: 請參閱所要編譯的函式 樣板 具現化 'bool SaleListDB<2000,6>::__row_front(std::string *,std::string *)' 之參考
  c:\users\hotbr\desktop\projects\homework\pofp18\pofp18-p1\pofp18-p1\salelistdb.cpp(104): note: 編譯 類別 樣板 成員函式 'void SaleListDB<2000,6>::__sort(void)' 時
  c:\users\hotbr\desktop\projects\homework\pofp18\pofp18-p1\pofp18-p1\salelistdb.cpp(97): note: 請參閱所要編譯的函式 樣板 具現化 'void SaleListDB<2000,6>::__sort(void)' 之參考
  c:\users\hotbr\desktop\projects\homework\pofp18\pofp18-p1\pofp18-p1\salelistdb.cpp(16): note: 編譯 類別 樣板 成員函式 'SaleListDB<2000,6>::SaleListDB(std::string *,Type *,std::string)' 時
  c:\users\hotbr\desktop\projects\homework\pofp18\pofp18-p1\pofp18-p1\testcode.cpp(119): note: 請參閱所要編譯的函式 樣板 具現化 'SaleListDB<2000,6>::SaleListDB(std::string *,Type *,std::string)' 之參考
  c:\users\hotbr\desktop\projects\homework\pofp18\pofp18-p1\pofp18-p1\testcode.cpp(119): note: 查看要編譯的 類別 樣板 具現化 'SaleListDB<2000,6>' 參考
c:\users\hotbr\desktop\projects\homework\pofp18\pofp18-p1\pofp18-p1\salelistdb.cpp(156): warning C4244: '正在初始化': 將 'double' 轉換為 'float'，由於類型不同，可能導致資料遺失
  Source.cpp
  SaleListDB.cpp
  Other.cpp
c:\users\hotbr\desktop\projects\homework\pofp18\pofp18-p1\pofp18-p1\other.cpp(121): warning C4018: '<': signed/unsigned 不相符
  ItemDB.cpp
  Database.cpp
  CartDB.cpp
  Administrator.cpp
c:\users\hotbr\desktop\projects\homework\pofp18\pofp18-p1\pofp18-p1\itemdb.cpp(227): warning C4018: '<': signed/unsigned 不相符
  c:\users\hotbr\desktop\projects\homework\pofp18\pofp18-p1\pofp18-p1\itemdb.cpp(217): note: 編譯 類別 樣板 成員函式 'std::string ItemDB<100,5>::__next_id(std::string)' 時
  c:\users\hotbr\desktop\projects\homework\pofp18\pofp18-p1\pofp18-p1\itemdb.cpp(105): note: 請參閱所要編譯的函式 樣板 具現化 'std::string ItemDB<100,5>::__next_id(std::string)' 之參考
  c:\users\hotbr\desktop\projects\homework\pofp18\pofp18-p1\pofp18-p1\itemdb.cpp(48): note: 編譯 類別 樣板 成員函式 'void ItemDB<100,5>::deleteItem(std::string)' 時
  c:\users\hotbr\desktop\projects\homework\pofp18\pofp18-p1\pofp18-p1\administrator.cpp(48): note: 請參閱所要編譯的函式 樣板 具現化 'void ItemDB<100,5>::deleteItem(std::string)' 之參考
  c:\users\hotbr\desktop\projects\homework\pofp18\pofp18-p1\pofp18-p1\administrator.cpp(26): note: 查看要編譯的 類別 樣板 具現化 'ItemDB<100,5>' 參考
c:\users\hotbr\desktop\projects\homework\pofp18\pofp18-p1\pofp18-p1\salelistdb.cpp(155): warning C4244: '正在初始化': 將 'double' 轉換為 'float'，由於類型不同，可能導致資料遺失
  c:\users\hotbr\desktop\projects\homework\pofp18\pofp18-p1\pofp18-p1\salelistdb.cpp(150): note: 編譯 類別 樣板 成員函式 'bool SaleListDB<2000,6>::__row_front(std::string *,std::string *)' 時
  c:\users\hotbr\desktop\projects\homework\pofp18\pofp18-p1\pofp18-p1\salelistdb.cpp(109): note: 請參閱所要編譯的函式 樣板 具現化 'bool SaleListDB<2000,6>::__row_front(std::string *,std::string *)' 之參考
  c:\users\hotbr\desktop\projects\homework\pofp18\pofp18-p1\pofp18-p1\salelistdb.cpp(104): note: 編譯 類別 樣板 成員函式 'void SaleListDB<2000,6>::__sort(void)' 時
  c:\users\hotbr\desktop\projects\homework\pofp18\pofp18-p1\pofp18-p1\salelistdb.cpp(97): note: 請參閱所要編譯的函式 樣板 具現化 'void SaleListDB<2000,6>::__sort(void)' 之參考
  c:\users\hotbr\desktop\projects\homework\pofp18\pofp18-p1\pofp18-p1\salelistdb.cpp(96): note: 編譯 類別 樣板 成員函式 'void SaleListDB<2000,6>::printList(void)' 時
  c:\users\hotbr\desktop\projects\homework\pofp18\pofp18-p1\pofp18-p1\administrator.cpp(71): note: 請參閱所要編譯的函式 樣板 具現化 'void SaleListDB<2000,6>::printList(void)' 之參考
  c:\users\hotbr\desktop\projects\homework\pofp18\pofp18-p1\pofp18-p1\administrator.cpp(71): note: 查看要編譯的 類別 樣板 具現化 'SaleListDB<2000,6>' 參考
c:\users\hotbr\desktop\projects\homework\pofp18\pofp18-p1\pofp18-p1\salelistdb.cpp(156): warning C4244: '正在初始化': 將 'double' 轉換為 'float'，由於類型不同，可能導致資料遺失
  AccountDB.cpp
  Account.cpp
  正在產生程式碼...
  PoFP18-P1.vcxproj -> C:\Users\hotbr\Desktop\Projects\HOMEWORK\PoFP18\PoFP18-P1\Debug\PoFP18-P1.exe
  PoFP18-P1.vcxproj -> C:\Users\hotbr\Desktop\Projects\HOMEWORK\PoFP18\PoFP18-P1\Debug\PoFP18-P1.pdb (Partial PDB)
